<?xml version="1.0" encoding="UTF-8" ?>

<testsuite failures="0" time="0.172" errors="0" skipped="0" tests="7" name="BasicTest">
  <testcase classname="BasicTest" name="createAndRetrieveClient" time="0.006">
      </testcase>
  <testcase classname="BasicTest" name="tryConnectAsClient" time="0.005">
      </testcase>
  <testcase classname="BasicTest" name="createPlayer" time="0.006">
      </testcase>
  <testcase classname="BasicTest" name="playerGPSData" time="0.007">
      </testcase>
  <testcase classname="BasicTest" name="useTheGPSDataRelation" time="0.017">
      </testcase>
  <testcase classname="BasicTest" name="fullTest" time="0.102">
      </testcase>
  <testcase classname="BasicTest" name="testTags" time="0.029">
      </testcase>
</testsuite>
