<?xml version="1.0" encoding="UTF-8" ?>

<testsuite failures="0" time="0.095" errors="0" skipped="0" tests="6" name="BasicTest">
  <testcase classname="BasicTest" name="createAndRetrieveClient" time="0.006">
      </testcase>
  <testcase classname="BasicTest" name="tryConnectAsClient" time="0.004">
      </testcase>
  <testcase classname="BasicTest" name="fullTest" time="0.056">
      </testcase>
  <testcase classname="BasicTest" name="useTheGPSDataRelation" time="0.017">
      </testcase>
  <testcase classname="BasicTest" name="createPlayer" time="0.005">
      </testcase>
  <testcase classname="BasicTest" name="playerGPSData" time="0.007">
      </testcase>
</testsuite>
